<!DOCTYPE html>

<html>
  <head>
  <meta charset='utf-8'>
  <title>TestNG reports</title>

    <link type="text/css" href="testng-reports1.css" rel="stylesheet" id="ultra" />
    <link type="text/css" href="testng-reports.css" rel="stylesheet" id="retro" disabled="false"/>
    <script type="text/javascript" src="jquery-3.6.0.min.js"></script>
    <script type="text/javascript" src="testng-reports.js"></script>
    <script type="text/javascript" src="https://www.google.com/jsapi"></script>
    <script type='text/javascript'>
      google.load('visualization', '1', {packages:['table']});
      google.setOnLoadCallback(drawTable);
      var suiteTableInitFunctions = new Array();
      var suiteTableData = new Array();
    </script>
    <!--
      <script type="text/javascript" src="jquery-ui/js/jquery-ui-1.8.16.custom.min.js"></script>
     -->
  </head>

  <body>    <div class="top-banner-root">
      <span class="top-banner-title-font">Test results</span>
      <button id="button" class="button">Switch Retro Theme</button> <!-- button -->
      <br/>
      <span class="top-banner-font-1">1 suite, 10 failed tests</span>
    </div> <!-- top-banner-root -->
    <div class="navigator-root">
      <div class="navigator-suite-header">
        <span>All suites</span>
        <a href="#" title="Collapse/expand all the suites" class="collapse-all-link">
          <img src="collapseall.gif" class="collapse-all-icon">
          </img> <!-- collapse-all-icon -->
        </a> <!-- collapse-all-link -->
      </div> <!-- navigator-suite-header -->
      <div class="suite">
        <div class="rounded-window">
          <div class="suite-header light-rounded-window-top">
            <a href="#" panel-name="suite-ProvidioTestcases" class="navigator-link">
              <span class="suite-name border-failed">ProvidioTestcases</span>
            </a> <!-- navigator-link -->
          </div> <!-- suite-header light-rounded-window-top -->
          <div class="navigator-suite-content">
            <div class="suite-section-title">
              <span>Info</span>
            </div> <!-- suite-section-title -->
            <div class="suite-section-content">
              <ul>
                <li>
                  <a href="#" panel-name="test-xml-ProvidioTestcases" class="navigator-link ">
                    <span>FourTypesOfProducts.xml</span>
                  </a> <!-- navigator-link  -->
                </li>
                <li>
                  <a href="#" panel-name="testlist-ProvidioTestcases" class="navigator-link ">
                    <span class="test-stats">1 test</span>
                  </a> <!-- navigator-link  -->
                </li>
                <li>
                  <a href="#" panel-name="group-ProvidioTestcases" class="navigator-link ">
                    <span>0 groups</span>
                  </a> <!-- navigator-link  -->
                </li>
                <li>
                  <a href="#" panel-name="times-ProvidioTestcases" class="navigator-link ">
                    <span>Times</span>
                  </a> <!-- navigator-link  -->
                </li>
                <li>
                  <a href="#" panel-name="reporter-ProvidioTestcases" class="navigator-link ">
                    <span>Reporter output</span>
                  </a> <!-- navigator-link  -->
                </li>
                <li>
                  <a href="#" panel-name="ignored-methods-ProvidioTestcases" class="navigator-link ">
                    <span>Ignored methods</span>
                  </a> <!-- navigator-link  -->
                </li>
                <li>
                  <a href="#" panel-name="chronological-ProvidioTestcases" class="navigator-link ">
                    <span>Chronological view</span>
                  </a> <!-- navigator-link  -->
                </li>
              </ul>
            </div> <!-- suite-section-content -->
            <div class="result-section">
              <div class="suite-section-title">
                <span>Results</span>
              </div> <!-- suite-section-title -->
              <div class="suite-section-content">
                <ul>
                  <li>
                    <span class="method-stats">11 methods, 10 failed,   1 passed</span>
                  </li>
                  <li>
                    <span class="method-list-title failed">Failed methods</span>
                    <span class="show-or-hide-methods failed">
                      <a href="#" panel-name="suite-ProvidioTestcases" class="hide-methods failed suite-ProvidioTestcases"> (hide)</a> <!-- hide-methods failed suite-ProvidioTestcases -->
                      <a href="#" panel-name="suite-ProvidioTestcases" class="show-methods failed suite-ProvidioTestcases"> (show)</a> <!-- show-methods failed suite-ProvidioTestcases -->
                    </span>
                    <div class="method-list-content failed suite-ProvidioTestcases">
                      <span>
                        <img src="failed.png" width="3%"/>
                        <a href="#" panel-name="suite-ProvidioTestcases" title="com.GuestUserWith_CreditCard.tc__BundleProductForGuestUser_CC" class="method navigator-link" hash-for-method="bundleProduct">bundleProduct</a> <!-- method navigator-link -->
                      </span>
                      <br/>
                      <span>
                        <img src="failed.png" width="3%"/>
                        <a href="#" panel-name="suite-ProvidioTestcases" title="com.GuestUserWith_CreditCard.tc__Bundle_GcAndAllPromotions_Guest_InCC" class="method navigator-link" hash-for-method="bundle_GcAndAllPromotions">bundle_GcAndAllPromotions</a> <!-- method navigator-link -->
                      </span>
                      <br/>
                      <span>
                        <img src="failed.png" width="3%"/>
                        <a href="#" panel-name="suite-ProvidioTestcases" title="com.GuestUserWith_CreditCard.tc__BySearchingProduct_GuestUser_InCC" class="method navigator-link" hash-for-method="bySearchingProduct">bySearchingProduct</a> <!-- method navigator-link -->
                      </span>
                      <br/>
                      <span>
                        <img src="failed.png" width="3%"/>
                        <a href="#" panel-name="suite-ProvidioTestcases" title="com.GuestUserWith_CreditCard.tc__GuestUser_InCc" class="method navigator-link" hash-for-method="guestlogin">guestlogin</a> <!-- method navigator-link -->
                      </span>
                      <br/>
                      <span>
                        <img src="failed.png" width="3%"/>
                        <a href="#" panel-name="suite-ProvidioTestcases" title="com.GuestUserWith_CreditCard.tc__ProductSetForGuestUser_InCC" class="method navigator-link" hash-for-method="productSet">productSet</a> <!-- method navigator-link -->
                      </span>
                      <br/>
                      <span>
                        <img src="failed.png" width="3%"/>
                        <a href="#" panel-name="suite-ProvidioTestcases" title="com.GuestUserWith_CreditCard.tc__ShippingAndBillingAddressDiffer_Guest_InCc" class="method navigator-link" hash-for-method="shippingAndBillingAddressDiffer_Guest">shippingAndBillingAddressDiffer_Guest</a> <!-- method navigator-link -->
                      </span>
                      <br/>
                      <span>
                        <img src="failed.png" width="3%"/>
                        <a href="#" panel-name="suite-ProvidioTestcases" title="com.GuestUserWith_CreditCard.tc__SimpleProductForGuestUser_InCC" class="method navigator-link" hash-for-method="simpleProduct">simpleProduct</a> <!-- method navigator-link -->
                      </span>
                      <br/>
                      <span>
                        <img src="failed.png" width="3%"/>
                        <a href="#" panel-name="suite-ProvidioTestcases" title="com.GuestUserWith_CreditCard.tc__simpleProductAndGc_InCC" class="method navigator-link" hash-for-method="simpleProduct_Gc">simpleProduct_Gc</a> <!-- method navigator-link -->
                      </span>
                      <br/>
                      <span>
                        <img src="failed.png" width="3%"/>
                        <a href="#" panel-name="suite-ProvidioTestcases" title="com.GuestUserWith_CreditCard.tc__SimpleProductsAndBundle_Gc_InCC" class="method navigator-link" hash-for-method="simpleProducts_Bundle_Gc">simpleProducts_Bundle_Gc</a> <!-- method navigator-link -->
                      </span>
                      <br/>
                      <span>
                        <img src="failed.png" width="3%"/>
                        <a href="#" panel-name="suite-ProvidioTestcases" title="com.GuestUserWith_CreditCard.tc__VariationProductForGuestUser_InCC" class="method navigator-link" hash-for-method="variationProduct">variationProduct</a> <!-- method navigator-link -->
                      </span>
                      <br/>
                    </div> <!-- method-list-content failed suite-ProvidioTestcases -->
                  </li>
                  <li>
                    <span class="method-list-title passed">Passed methods</span>
                    <span class="show-or-hide-methods passed">
                      <a href="#" panel-name="suite-ProvidioTestcases" class="hide-methods passed suite-ProvidioTestcases"> (hide)</a> <!-- hide-methods passed suite-ProvidioTestcases -->
                      <a href="#" panel-name="suite-ProvidioTestcases" class="show-methods passed suite-ProvidioTestcases"> (show)</a> <!-- show-methods passed suite-ProvidioTestcases -->
                    </span>
                    <div class="method-list-content passed suite-ProvidioTestcases">
                      <span>
                        <img src="passed.png" width="3%"/>
                        <a href="#" panel-name="suite-ProvidioTestcases" title="com.GuestUserWith_CreditCard.tc__PickUpStore_Guest_CC" class="method navigator-link" hash-for-method="paypalFromCheckoutPage">paypalFromCheckoutPage</a> <!-- method navigator-link -->
                      </span>
                      <br/>
                    </div> <!-- method-list-content passed suite-ProvidioTestcases -->
                  </li>
                </ul>
              </div> <!-- suite-section-content -->
            </div> <!-- result-section -->
          </div> <!-- navigator-suite-content -->
        </div> <!-- rounded-window -->
      </div> <!-- suite -->
    </div> <!-- navigator-root -->
    <div class="wrapper">
      <div class="main-panel-root">
        <div panel-name="suite-ProvidioTestcases" class="panel ProvidioTestcases">
          <div class="suite-ProvidioTestcases-class-failed">
            <div class="main-panel-header rounded-window-top">
              <img src="failed.png"/>
              <span class="class-name">com.GuestUserWith_CreditCard.tc__VariationProductForGuestUser_InCC</span>
            </div> <!-- main-panel-header rounded-window-top -->
            <div class="main-panel-content rounded-window-bottom">
              <div class="method">
                <div class="method-content">
                  <a name="variationProduct">
                  </a> <!-- variationProduct -->
                  <span class="method-name">variationProduct</span>
                  <div class="stack-trace">org.openqa.selenium.NoSuchWindowException: no such window: target window already closed
from unknown error: web view not found
  (Session info: chrome=115.0.5790.98)
Build info: version: &apos;4.11.0&apos;, revision: &apos;040bc5406b&apos;
System info: os.name: &apos;Linux&apos;, os.arch: &apos;amd64&apos;, os.version: &apos;6.3.0-kali1-amd64&apos;, java.version: &apos;17.0.6&apos;
Driver info: org.openqa.selenium.chrome.ChromeDriver
Command: [bda3671d9e8841be7f1b26118797bebc, get {url=https://zzqi-002.dx.commercecloud.salesforce.com/on/demandware.store/Sites-RefArch-Site/en_US}]
Capabilities {acceptInsecureCerts: false, browserName: chrome, browserVersion: 115.0.5790.98, chrome: {chromedriverVersion: 114.0.5735.198 (c3029382d11..., userDataDir: /tmp/.org.chromium.Chromium...}, goog:chromeOptions: {debuggerAddress: localhost:46663}, networkConnectionEnabled: false, pageLoadStrategy: normal, platformName: linux, proxy: Proxy(), se:cdp: ws://localhost:46663/devtoo..., se:cdpVersion: 115.0.5790.98, setWindowRect: true, strictFileInteractability: false, timeouts: {implicit: 0, pageLoad: 300000, script: 30000}, unhandledPromptBehavior: dismiss and notify, webauthn:extension:credBlob: true, webauthn:extension:largeBlob: true, webauthn:extension:minPinLength: true, webauthn:extension:prf: true, webauthn:virtualAuthenticators: true}
Session ID: bda3671d9e8841be7f1b26118797bebc
	at org.openqa.selenium.remote.codec.w3c.W3CHttpResponseCodec.createException(W3CHttpResponseCodec.java:200)
	at org.openqa.selenium.remote.codec.w3c.W3CHttpResponseCodec.decode(W3CHttpResponseCodec.java:133)
	at org.openqa.selenium.remote.codec.w3c.W3CHttpResponseCodec.decode(W3CHttpResponseCodec.java:52)
	at org.openqa.selenium.remote.HttpCommandExecutor.execute(HttpCommandExecutor.java:191)
	at org.openqa.selenium.remote.service.DriverCommandExecutor.invokeExecute(DriverCommandExecutor.java:196)
	at org.openqa.selenium.remote.service.DriverCommandExecutor.execute(DriverCommandExecutor.java:171)
	at org.openqa.selenium.remote.RemoteWebDriver.execute(RemoteWebDriver.java:518)
	at org.openqa.selenium.remote.RemoteWebDriver.get(RemoteWebDriver.java:300)
	at com.providio.launchingbrowser.launchBrowsering.chromeBrowser(launchBrowsering.java:10)
	at com.GuestUserWith_CreditCard.tc__VariationProductForGuestUser_InCC.variationProduct(tc__VariationProductForGuestUser_InCC.java:21)
	at java.base/java.util.ArrayList.forEach(ArrayList.java:1511)
... Removed 32 stack frames
</div> <!-- stack-trace -->
                </div> <!-- method-content -->
              </div> <!-- method -->
            </div> <!-- main-panel-content rounded-window-bottom -->
          </div> <!-- suite-ProvidioTestcases-class-failed -->
          <div class="suite-ProvidioTestcases-class-failed">
            <div class="main-panel-header rounded-window-top">
              <img src="failed.png"/>
              <span class="class-name">com.GuestUserWith_CreditCard.tc__simpleProductAndGc_InCC</span>
            </div> <!-- main-panel-header rounded-window-top -->
            <div class="main-panel-content rounded-window-bottom">
              <div class="method">
                <div class="method-content">
                  <a name="simpleProduct_Gc">
                  </a> <!-- simpleProduct_Gc -->
                  <span class="method-name">simpleProduct_Gc</span>
                  <div class="stack-trace">org.openqa.selenium.NoSuchElementException: no such element: Unable to locate element: {&quot;method&quot;:&quot;xpath&quot;,&quot;selector&quot;:&quot;//button[contains(@class,&apos;add-to-cart&apos;)]&quot;}
  (Session info: chrome=115.0.5790.98)
For documentation on this error, please visit: https://www.selenium.dev/documentation/webdriver/troubleshooting/errors#no-such-element-exception
Build info: version: &apos;4.11.0&apos;, revision: &apos;040bc5406b&apos;
System info: os.name: &apos;Linux&apos;, os.arch: &apos;amd64&apos;, os.version: &apos;6.3.0-kali1-amd64&apos;, java.version: &apos;17.0.6&apos;
Driver info: org.openqa.selenium.chrome.ChromeDriver
Command: [bda3671d9e8841be7f1b26118797bebc, findElement {using=xpath, value=//button[contains(@class,&apos;add-to-cart&apos;)]}]
Capabilities {acceptInsecureCerts: false, browserName: chrome, browserVersion: 115.0.5790.98, chrome: {chromedriverVersion: 114.0.5735.198 (c3029382d11..., userDataDir: /tmp/.org.chromium.Chromium...}, goog:chromeOptions: {debuggerAddress: localhost:46663}, networkConnectionEnabled: false, pageLoadStrategy: normal, platformName: linux, proxy: Proxy(), se:cdp: ws://localhost:46663/devtoo..., se:cdpVersion: 115.0.5790.98, setWindowRect: true, strictFileInteractability: false, timeouts: {implicit: 0, pageLoad: 300000, script: 30000}, unhandledPromptBehavior: dismiss and notify, webauthn:extension:credBlob: true, webauthn:extension:largeBlob: true, webauthn:extension:minPinLength: true, webauthn:extension:prf: true, webauthn:virtualAuthenticators: true}
Session ID: bda3671d9e8841be7f1b26118797bebc
	at org.openqa.selenium.remote.codec.w3c.W3CHttpResponseCodec.createException(W3CHttpResponseCodec.java:200)
	at org.openqa.selenium.remote.codec.w3c.W3CHttpResponseCodec.decode(W3CHttpResponseCodec.java:133)
	at org.openqa.selenium.remote.codec.w3c.W3CHttpResponseCodec.decode(W3CHttpResponseCodec.java:52)
	at org.openqa.selenium.remote.HttpCommandExecutor.execute(HttpCommandExecutor.java:191)
	at org.openqa.selenium.remote.service.DriverCommandExecutor.invokeExecute(DriverCommandExecutor.java:196)
	at org.openqa.selenium.remote.service.DriverCommandExecutor.execute(DriverCommandExecutor.java:171)
	at org.openqa.selenium.remote.RemoteWebDriver.execute(RemoteWebDriver.java:518)
	at org.openqa.selenium.remote.ElementLocation$ElementFinder$2.findElement(ElementLocation.java:165)
	at org.openqa.selenium.remote.ElementLocation.findElement(ElementLocation.java:59)
	at org.openqa.selenium.remote.RemoteWebDriver.findElement(RemoteWebDriver.java:355)
	at org.openqa.selenium.remote.RemoteWebDriver.findElement(RemoteWebDriver.java:349)
	at com.providio.commonfunctionality.allAttributesinOneFile.selectTheAttributesInPdp(allAttributesinOneFile.java:41)
	at com.providio.Scenarios.SimpleProduct.simpleProdcut(SimpleProduct.java:19)
	at com.providio.Scenarios.SimpleProductAndGc.simpleProductAndGc(SimpleProductAndGc.java:11)
	at com.GuestUserWith_CreditCard.tc__simpleProductAndGc_InCC.simpleProduct_Gc(tc__simpleProductAndGc_InCC.java:24)
	at java.base/java.util.ArrayList.forEach(ArrayList.java:1511)
... Removed 31 stack frames
</div> <!-- stack-trace -->
                </div> <!-- method-content -->
              </div> <!-- method -->
            </div> <!-- main-panel-content rounded-window-bottom -->
          </div> <!-- suite-ProvidioTestcases-class-failed -->
          <div class="suite-ProvidioTestcases-class-failed">
            <div class="main-panel-header rounded-window-top">
              <img src="failed.png"/>
              <span class="class-name">com.GuestUserWith_CreditCard.tc__Bundle_GcAndAllPromotions_Guest_InCC</span>
            </div> <!-- main-panel-header rounded-window-top -->
            <div class="main-panel-content rounded-window-bottom">
              <div class="method">
                <div class="method-content">
                  <a name="bundle_GcAndAllPromotions">
                  </a> <!-- bundle_GcAndAllPromotions -->
                  <span class="method-name">bundle_GcAndAllPromotions</span>
                  <div class="stack-trace">org.openqa.selenium.TimeoutException: Expected condition failed: waiting for visibility of element located by By.xpath: //div[@class=&apos;alert alert-success add-to-basket-alert text-center&apos;] (tried for 30 second(s) with 1000 milliseconds interval)
Build info: version: &apos;4.11.0&apos;, revision: &apos;040bc5406b&apos;
System info: os.name: &apos;Linux&apos;, os.arch: &apos;amd64&apos;, os.version: &apos;6.3.0-kali1-amd64&apos;, java.version: &apos;17.0.6&apos;
Driver info: driver.version: unknown
	at org.openqa.selenium.support.ui.FluentWait.timeoutException(FluentWait.java:262)
	at org.openqa.selenium.support.ui.FluentWait.until(FluentWait.java:230)
	at com.providio.Validations.validationpopupMessages.validatingProductisAddtoCart(validationpopupMessages.java:19)
	at com.providio.Scenarios.BundleProduct.bundleproduct(BundleProduct.java:21)
	at com.providio.Scenarios.Bundle_GcAndAllPromotions.bundelGcandallpromotions(Bundle_GcAndAllPromotions.java:16)
	at com.GuestUserWith_CreditCard.tc__Bundle_GcAndAllPromotions_Guest_InCC.bundle_GcAndAllPromotions(tc__Bundle_GcAndAllPromotions_Guest_InCC.java:22)
	at java.base/java.util.ArrayList.forEach(ArrayList.java:1511)
... Removed 27 stack frames
</div> <!-- stack-trace -->
                </div> <!-- method-content -->
              </div> <!-- method -->
            </div> <!-- main-panel-content rounded-window-bottom -->
          </div> <!-- suite-ProvidioTestcases-class-failed -->
          <div class="suite-ProvidioTestcases-class-failed">
            <div class="main-panel-header rounded-window-top">
              <img src="failed.png"/>
              <span class="class-name">com.GuestUserWith_CreditCard.tc__SimpleProductsAndBundle_Gc_InCC</span>
            </div> <!-- main-panel-header rounded-window-top -->
            <div class="main-panel-content rounded-window-bottom">
              <div class="method">
                <div class="method-content">
                  <a name="simpleProducts_Bundle_Gc">
                  </a> <!-- simpleProducts_Bundle_Gc -->
                  <span class="method-name">simpleProducts_Bundle_Gc</span>
                  <div class="stack-trace">org.openqa.selenium.NoSuchWindowException: no such window: target window already closed
from unknown error: web view not found
  (Session info: chrome=115.0.5790.98)
Build info: version: &apos;4.11.0&apos;, revision: &apos;040bc5406b&apos;
System info: os.name: &apos;Linux&apos;, os.arch: &apos;amd64&apos;, os.version: &apos;6.3.0-kali1-amd64&apos;, java.version: &apos;17.0.6&apos;
Driver info: org.openqa.selenium.chrome.ChromeDriver
Command: [bda3671d9e8841be7f1b26118797bebc, get {url=https://zzqi-002.dx.commercecloud.salesforce.com/on/demandware.store/Sites-RefArch-Site/en_US}]
Capabilities {acceptInsecureCerts: false, browserName: chrome, browserVersion: 115.0.5790.98, chrome: {chromedriverVersion: 114.0.5735.198 (c3029382d11..., userDataDir: /tmp/.org.chromium.Chromium...}, goog:chromeOptions: {debuggerAddress: localhost:46663}, networkConnectionEnabled: false, pageLoadStrategy: normal, platformName: linux, proxy: Proxy(), se:cdp: ws://localhost:46663/devtoo..., se:cdpVersion: 115.0.5790.98, setWindowRect: true, strictFileInteractability: false, timeouts: {implicit: 0, pageLoad: 300000, script: 30000}, unhandledPromptBehavior: dismiss and notify, webauthn:extension:credBlob: true, webauthn:extension:largeBlob: true, webauthn:extension:minPinLength: true, webauthn:extension:prf: true, webauthn:virtualAuthenticators: true}
Session ID: bda3671d9e8841be7f1b26118797bebc
	at org.openqa.selenium.remote.codec.w3c.W3CHttpResponseCodec.createException(W3CHttpResponseCodec.java:200)
	at org.openqa.selenium.remote.codec.w3c.W3CHttpResponseCodec.decode(W3CHttpResponseCodec.java:133)
	at org.openqa.selenium.remote.codec.w3c.W3CHttpResponseCodec.decode(W3CHttpResponseCodec.java:52)
	at org.openqa.selenium.remote.HttpCommandExecutor.execute(HttpCommandExecutor.java:191)
	at org.openqa.selenium.remote.service.DriverCommandExecutor.invokeExecute(DriverCommandExecutor.java:196)
	at org.openqa.selenium.remote.service.DriverCommandExecutor.execute(DriverCommandExecutor.java:171)
	at org.openqa.selenium.remote.RemoteWebDriver.execute(RemoteWebDriver.java:518)
	at org.openqa.selenium.remote.RemoteWebDriver.get(RemoteWebDriver.java:300)
	at com.providio.launchingbrowser.launchBrowsering.chromeBrowser(launchBrowsering.java:10)
	at com.GuestUserWith_CreditCard.tc__SimpleProductsAndBundle_Gc_InCC.simpleProducts_Bundle_Gc(tc__SimpleProductsAndBundle_Gc_InCC.java:18)
	at java.base/java.util.ArrayList.forEach(ArrayList.java:1511)
... Removed 32 stack frames
</div> <!-- stack-trace -->
                </div> <!-- method-content -->
              </div> <!-- method -->
            </div> <!-- main-panel-content rounded-window-bottom -->
          </div> <!-- suite-ProvidioTestcases-class-failed -->
          <div class="suite-ProvidioTestcases-class-failed">
            <div class="main-panel-header rounded-window-top">
              <img src="failed.png"/>
              <span class="class-name">com.GuestUserWith_CreditCard.tc__ShippingAndBillingAddressDiffer_Guest_InCc</span>
            </div> <!-- main-panel-header rounded-window-top -->
            <div class="main-panel-content rounded-window-bottom">
              <div class="method">
                <div class="method-content">
                  <a name="shippingAndBillingAddressDiffer_Guest">
                  </a> <!-- shippingAndBillingAddressDiffer_Guest -->
                  <span class="method-name">shippingAndBillingAddressDiffer_Guest</span>
                  <div class="stack-trace">org.openqa.selenium.TimeoutException: Expected condition failed: waiting for visibility of element located by By.xpath: //div[@class=&apos;alert alert-success add-to-basket-alert text-center&apos;] (tried for 30 second(s) with 1000 milliseconds interval)
Build info: version: &apos;4.11.0&apos;, revision: &apos;040bc5406b&apos;
System info: os.name: &apos;Linux&apos;, os.arch: &apos;amd64&apos;, os.version: &apos;6.3.0-kali1-amd64&apos;, java.version: &apos;17.0.6&apos;
Driver info: driver.version: unknown
	at org.openqa.selenium.support.ui.FluentWait.timeoutException(FluentWait.java:262)
	at org.openqa.selenium.support.ui.FluentWait.until(FluentWait.java:230)
	at com.providio.Validations.validationpopupMessages.validatingProductisAddtoCart(validationpopupMessages.java:19)
	at com.providio.Scenarios.BundleProduct.bundleproduct(BundleProduct.java:21)
	at com.providio.Scenarios.Bundle_GcAndAllPromotions.bundelGcandallpromotions(Bundle_GcAndAllPromotions.java:16)
	at com.GuestUserWith_CreditCard.tc__ShippingAndBillingAddressDiffer_Guest_InCc.shippingAndBillingAddressDiffer_Guest(tc__ShippingAndBillingAddressDiffer_Guest_InCc.java:26)
	at java.base/java.util.ArrayList.forEach(ArrayList.java:1511)
... Removed 27 stack frames
</div> <!-- stack-trace -->
                </div> <!-- method-content -->
              </div> <!-- method -->
            </div> <!-- main-panel-content rounded-window-bottom -->
          </div> <!-- suite-ProvidioTestcases-class-failed -->
          <div class="suite-ProvidioTestcases-class-failed">
            <div class="main-panel-header rounded-window-top">
              <img src="failed.png"/>
              <span class="class-name">com.GuestUserWith_CreditCard.tc__ProductSetForGuestUser_InCC</span>
            </div> <!-- main-panel-header rounded-window-top -->
            <div class="main-panel-content rounded-window-bottom">
              <div class="method">
                <div class="method-content">
                  <a name="productSet">
                  </a> <!-- productSet -->
                  <span class="method-name">productSet</span>
                  <div class="stack-trace">org.openqa.selenium.NoSuchElementException: no such element: Unable to locate element: {&quot;method&quot;:&quot;xpath&quot;,&quot;selector&quot;:&quot;//button[contains(@class,&apos;add-to-cart&apos;)]&quot;}
  (Session info: chrome=115.0.5790.98)
For documentation on this error, please visit: https://www.selenium.dev/documentation/webdriver/troubleshooting/errors#no-such-element-exception
Build info: version: &apos;4.11.0&apos;, revision: &apos;040bc5406b&apos;
System info: os.name: &apos;Linux&apos;, os.arch: &apos;amd64&apos;, os.version: &apos;6.3.0-kali1-amd64&apos;, java.version: &apos;17.0.6&apos;
Driver info: org.openqa.selenium.chrome.ChromeDriver
Command: [bda3671d9e8841be7f1b26118797bebc, findElement {using=xpath, value=//button[contains(@class,&apos;add-to-cart&apos;)]}]
Capabilities {acceptInsecureCerts: false, browserName: chrome, browserVersion: 115.0.5790.98, chrome: {chromedriverVersion: 114.0.5735.198 (c3029382d11..., userDataDir: /tmp/.org.chromium.Chromium...}, goog:chromeOptions: {debuggerAddress: localhost:46663}, networkConnectionEnabled: false, pageLoadStrategy: normal, platformName: linux, proxy: Proxy(), se:cdp: ws://localhost:46663/devtoo..., se:cdpVersion: 115.0.5790.98, setWindowRect: true, strictFileInteractability: false, timeouts: {implicit: 0, pageLoad: 300000, script: 30000}, unhandledPromptBehavior: dismiss and notify, webauthn:extension:credBlob: true, webauthn:extension:largeBlob: true, webauthn:extension:minPinLength: true, webauthn:extension:prf: true, webauthn:virtualAuthenticators: true}
Session ID: bda3671d9e8841be7f1b26118797bebc
	at org.openqa.selenium.remote.codec.w3c.W3CHttpResponseCodec.createException(W3CHttpResponseCodec.java:200)
	at org.openqa.selenium.remote.codec.w3c.W3CHttpResponseCodec.decode(W3CHttpResponseCodec.java:133)
	at org.openqa.selenium.remote.codec.w3c.W3CHttpResponseCodec.decode(W3CHttpResponseCodec.java:52)
	at org.openqa.selenium.remote.HttpCommandExecutor.execute(HttpCommandExecutor.java:191)
	at org.openqa.selenium.remote.service.DriverCommandExecutor.invokeExecute(DriverCommandExecutor.java:196)
	at org.openqa.selenium.remote.service.DriverCommandExecutor.execute(DriverCommandExecutor.java:171)
	at org.openqa.selenium.remote.RemoteWebDriver.execute(RemoteWebDriver.java:518)
	at org.openqa.selenium.remote.ElementLocation$ElementFinder$2.findElement(ElementLocation.java:165)
	at org.openqa.selenium.remote.ElementLocation.findElement(ElementLocation.java:59)
	at org.openqa.selenium.remote.RemoteWebDriver.findElement(RemoteWebDriver.java:355)
	at org.openqa.selenium.remote.RemoteWebDriver.findElement(RemoteWebDriver.java:349)
	at com.providio.commonfunctionality.allAttributesinOneFile.selectTheAttributesInPdp(allAttributesinOneFile.java:41)
	at com.providio.Scenarios.ProductSet.productSet(ProductSet.java:20)
	at com.GuestUserWith_CreditCard.tc__ProductSetForGuestUser_InCC.productSet(tc__ProductSetForGuestUser_InCC.java:23)
	at java.base/java.util.ArrayList.forEach(ArrayList.java:1511)
... Removed 31 stack frames
</div> <!-- stack-trace -->
                </div> <!-- method-content -->
              </div> <!-- method -->
            </div> <!-- main-panel-content rounded-window-bottom -->
          </div> <!-- suite-ProvidioTestcases-class-failed -->
          <div class="suite-ProvidioTestcases-class-failed">
            <div class="main-panel-header rounded-window-top">
              <img src="failed.png"/>
              <span class="class-name">com.GuestUserWith_CreditCard.tc__SimpleProductForGuestUser_InCC</span>
            </div> <!-- main-panel-header rounded-window-top -->
            <div class="main-panel-content rounded-window-bottom">
              <div class="method">
                <div class="method-content">
                  <a name="simpleProduct">
                  </a> <!-- simpleProduct -->
                  <span class="method-name">simpleProduct</span>
                  <div class="stack-trace">org.openqa.selenium.NoSuchElementException: no such element: Unable to locate element: {&quot;method&quot;:&quot;xpath&quot;,&quot;selector&quot;:&quot;//button[contains(@class,&apos;add-to-cart&apos;)]&quot;}
  (Session info: chrome=115.0.5790.98)
For documentation on this error, please visit: https://www.selenium.dev/documentation/webdriver/troubleshooting/errors#no-such-element-exception
Build info: version: &apos;4.11.0&apos;, revision: &apos;040bc5406b&apos;
System info: os.name: &apos;Linux&apos;, os.arch: &apos;amd64&apos;, os.version: &apos;6.3.0-kali1-amd64&apos;, java.version: &apos;17.0.6&apos;
Driver info: org.openqa.selenium.chrome.ChromeDriver
Command: [bda3671d9e8841be7f1b26118797bebc, findElement {using=xpath, value=//button[contains(@class,&apos;add-to-cart&apos;)]}]
Capabilities {acceptInsecureCerts: false, browserName: chrome, browserVersion: 115.0.5790.98, chrome: {chromedriverVersion: 114.0.5735.198 (c3029382d11..., userDataDir: /tmp/.org.chromium.Chromium...}, goog:chromeOptions: {debuggerAddress: localhost:46663}, networkConnectionEnabled: false, pageLoadStrategy: normal, platformName: linux, proxy: Proxy(), se:cdp: ws://localhost:46663/devtoo..., se:cdpVersion: 115.0.5790.98, setWindowRect: true, strictFileInteractability: false, timeouts: {implicit: 0, pageLoad: 300000, script: 30000}, unhandledPromptBehavior: dismiss and notify, webauthn:extension:credBlob: true, webauthn:extension:largeBlob: true, webauthn:extension:minPinLength: true, webauthn:extension:prf: true, webauthn:virtualAuthenticators: true}
Session ID: bda3671d9e8841be7f1b26118797bebc
	at org.openqa.selenium.remote.codec.w3c.W3CHttpResponseCodec.createException(W3CHttpResponseCodec.java:200)
	at org.openqa.selenium.remote.codec.w3c.W3CHttpResponseCodec.decode(W3CHttpResponseCodec.java:133)
	at org.openqa.selenium.remote.codec.w3c.W3CHttpResponseCodec.decode(W3CHttpResponseCodec.java:52)
	at org.openqa.selenium.remote.HttpCommandExecutor.execute(HttpCommandExecutor.java:191)
	at org.openqa.selenium.remote.service.DriverCommandExecutor.invokeExecute(DriverCommandExecutor.java:196)
	at org.openqa.selenium.remote.service.DriverCommandExecutor.execute(DriverCommandExecutor.java:171)
	at org.openqa.selenium.remote.RemoteWebDriver.execute(RemoteWebDriver.java:518)
	at org.openqa.selenium.remote.ElementLocation$ElementFinder$2.findElement(ElementLocation.java:165)
	at org.openqa.selenium.remote.ElementLocation.findElement(ElementLocation.java:59)
	at org.openqa.selenium.remote.RemoteWebDriver.findElement(RemoteWebDriver.java:355)
	at org.openqa.selenium.remote.RemoteWebDriver.findElement(RemoteWebDriver.java:349)
	at com.providio.commonfunctionality.allAttributesinOneFile.selectTheAttributesInPdp(allAttributesinOneFile.java:41)
	at com.providio.Scenarios.SimpleProduct.simpleProdcut(SimpleProduct.java:19)
	at com.GuestUserWith_CreditCard.tc__SimpleProductForGuestUser_InCC.simpleProduct(tc__SimpleProductForGuestUser_InCC.java:26)
	at java.base/java.util.ArrayList.forEach(ArrayList.java:1511)
... Removed 31 stack frames
</div> <!-- stack-trace -->
                </div> <!-- method-content -->
              </div> <!-- method -->
            </div> <!-- main-panel-content rounded-window-bottom -->
          </div> <!-- suite-ProvidioTestcases-class-failed -->
          <div class="suite-ProvidioTestcases-class-failed">
            <div class="main-panel-header rounded-window-top">
              <img src="failed.png"/>
              <span class="class-name">com.GuestUserWith_CreditCard.tc__BundleProductForGuestUser_CC</span>
            </div> <!-- main-panel-header rounded-window-top -->
            <div class="main-panel-content rounded-window-bottom">
              <div class="method">
                <div class="method-content">
                  <a name="bundleProduct">
                  </a> <!-- bundleProduct -->
                  <span class="method-name">bundleProduct</span>
                  <div class="stack-trace">org.openqa.selenium.TimeoutException: Expected condition failed: waiting for visibility of element located by By.xpath: //div[@class=&apos;alert alert-success add-to-basket-alert text-center&apos;] (tried for 30 second(s) with 1000 milliseconds interval)
Build info: version: &apos;4.11.0&apos;, revision: &apos;040bc5406b&apos;
System info: os.name: &apos;Linux&apos;, os.arch: &apos;amd64&apos;, os.version: &apos;6.3.0-kali1-amd64&apos;, java.version: &apos;17.0.6&apos;
Driver info: driver.version: unknown
	at org.openqa.selenium.support.ui.FluentWait.timeoutException(FluentWait.java:262)
	at org.openqa.selenium.support.ui.FluentWait.until(FluentWait.java:230)
	at com.providio.Validations.validationpopupMessages.validatingProductisAddtoCart(validationpopupMessages.java:19)
	at com.providio.Scenarios.BundleProduct.bundleproduct(BundleProduct.java:21)
	at com.GuestUserWith_CreditCard.tc__BundleProductForGuestUser_CC.bundleProduct(tc__BundleProductForGuestUser_CC.java:24)
	at java.base/java.util.ArrayList.forEach(ArrayList.java:1511)
... Removed 27 stack frames
</div> <!-- stack-trace -->
                </div> <!-- method-content -->
              </div> <!-- method -->
            </div> <!-- main-panel-content rounded-window-bottom -->
          </div> <!-- suite-ProvidioTestcases-class-failed -->
          <div class="suite-ProvidioTestcases-class-failed">
            <div class="main-panel-header rounded-window-top">
              <img src="failed.png"/>
              <span class="class-name">com.GuestUserWith_CreditCard.tc__BySearchingProduct_GuestUser_InCC</span>
            </div> <!-- main-panel-header rounded-window-top -->
            <div class="main-panel-content rounded-window-bottom">
              <div class="method">
                <div class="method-content">
                  <a name="bySearchingProduct">
                  </a> <!-- bySearchingProduct -->
                  <span class="method-name">bySearchingProduct</span>
                  <div class="stack-trace">org.openqa.selenium.NoSuchWindowException: no such window: target window already closed
from unknown error: web view not found
  (Session info: chrome=115.0.5790.98)
Build info: version: &apos;4.11.0&apos;, revision: &apos;040bc5406b&apos;
System info: os.name: &apos;Linux&apos;, os.arch: &apos;amd64&apos;, os.version: &apos;6.3.0-kali1-amd64&apos;, java.version: &apos;17.0.6&apos;
Driver info: org.openqa.selenium.chrome.ChromeDriver
Command: [bda3671d9e8841be7f1b26118797bebc, get {url=https://zzqi-002.dx.commercecloud.salesforce.com/on/demandware.store/Sites-RefArch-Site/en_US}]
Capabilities {acceptInsecureCerts: false, browserName: chrome, browserVersion: 115.0.5790.98, chrome: {chromedriverVersion: 114.0.5735.198 (c3029382d11..., userDataDir: /tmp/.org.chromium.Chromium...}, goog:chromeOptions: {debuggerAddress: localhost:46663}, networkConnectionEnabled: false, pageLoadStrategy: normal, platformName: linux, proxy: Proxy(), se:cdp: ws://localhost:46663/devtoo..., se:cdpVersion: 115.0.5790.98, setWindowRect: true, strictFileInteractability: false, timeouts: {implicit: 0, pageLoad: 300000, script: 30000}, unhandledPromptBehavior: dismiss and notify, webauthn:extension:credBlob: true, webauthn:extension:largeBlob: true, webauthn:extension:minPinLength: true, webauthn:extension:prf: true, webauthn:virtualAuthenticators: true}
Session ID: bda3671d9e8841be7f1b26118797bebc
	at org.openqa.selenium.remote.codec.w3c.W3CHttpResponseCodec.createException(W3CHttpResponseCodec.java:200)
	at org.openqa.selenium.remote.codec.w3c.W3CHttpResponseCodec.decode(W3CHttpResponseCodec.java:133)
	at org.openqa.selenium.remote.codec.w3c.W3CHttpResponseCodec.decode(W3CHttpResponseCodec.java:52)
	at org.openqa.selenium.remote.HttpCommandExecutor.execute(HttpCommandExecutor.java:191)
	at org.openqa.selenium.remote.service.DriverCommandExecutor.invokeExecute(DriverCommandExecutor.java:196)
	at org.openqa.selenium.remote.service.DriverCommandExecutor.execute(DriverCommandExecutor.java:171)
	at org.openqa.selenium.remote.RemoteWebDriver.execute(RemoteWebDriver.java:518)
	at org.openqa.selenium.remote.RemoteWebDriver.get(RemoteWebDriver.java:300)
	at com.providio.launchingbrowser.launchBrowsering.chromeBrowser(launchBrowsering.java:10)
	at com.GuestUserWith_CreditCard.tc__BySearchingProduct_GuestUser_InCC.bySearchingProduct(tc__BySearchingProduct_GuestUser_InCC.java:24)
	at java.base/java.util.ArrayList.forEach(ArrayList.java:1511)
... Removed 32 stack frames
</div> <!-- stack-trace -->
                </div> <!-- method-content -->
              </div> <!-- method -->
            </div> <!-- main-panel-content rounded-window-bottom -->
          </div> <!-- suite-ProvidioTestcases-class-failed -->
          <div class="suite-ProvidioTestcases-class-failed">
            <div class="main-panel-header rounded-window-top">
              <img src="failed.png"/>
              <span class="class-name">com.GuestUserWith_CreditCard.tc__GuestUser_InCc</span>
            </div> <!-- main-panel-header rounded-window-top -->
            <div class="main-panel-content rounded-window-bottom">
              <div class="method">
                <div class="method-content">
                  <a name="guestlogin">
                  </a> <!-- guestlogin -->
                  <span class="method-name">guestlogin</span>
                  <div class="stack-trace">org.openqa.selenium.TimeoutException: Expected condition failed: waiting for visibility of element located by By.xpath: //div[@class=&apos;alert alert-success add-to-basket-alert text-center&apos;] (tried for 30 second(s) with 1000 milliseconds interval)
Build info: version: &apos;4.11.0&apos;, revision: &apos;040bc5406b&apos;
System info: os.name: &apos;Linux&apos;, os.arch: &apos;amd64&apos;, os.version: &apos;6.3.0-kali1-amd64&apos;, java.version: &apos;17.0.6&apos;
Driver info: driver.version: unknown
	at org.openqa.selenium.support.ui.FluentWait.timeoutException(FluentWait.java:262)
	at org.openqa.selenium.support.ui.FluentWait.until(FluentWait.java:230)
	at com.providio.Validations.validationpopupMessages.validatingProductisAddtoCart(validationpopupMessages.java:19)
	at com.providio.commonfunctionality.selectAProduct.AddingAProductToCart(selectAProduct.java:35)
	at com.GuestUserWith_CreditCard.tc__GuestUser_InCc.guestlogin(tc__GuestUser_InCc.java:18)
	at java.base/java.util.ArrayList.forEach(ArrayList.java:1511)
... Removed 27 stack frames
</div> <!-- stack-trace -->
                </div> <!-- method-content -->
              </div> <!-- method -->
            </div> <!-- main-panel-content rounded-window-bottom -->
          </div> <!-- suite-ProvidioTestcases-class-failed -->
          <div class="suite-ProvidioTestcases-class-passed">
            <div class="main-panel-header rounded-window-top">
              <img src="passed.png"/>
              <span class="class-name">com.GuestUserWith_CreditCard.tc__PickUpStore_Guest_CC</span>
            </div> <!-- main-panel-header rounded-window-top -->
            <div class="main-panel-content rounded-window-bottom">
              <div class="method">
                <div class="method-content">
                  <a name="paypalFromCheckoutPage">
                  </a> <!-- paypalFromCheckoutPage -->
                  <span class="method-name">paypalFromCheckoutPage</span>
                </div> <!-- method-content -->
              </div> <!-- method -->
            </div> <!-- main-panel-content rounded-window-bottom -->
          </div> <!-- suite-ProvidioTestcases-class-passed -->
        </div> <!-- panel ProvidioTestcases -->
        <div panel-name="test-xml-ProvidioTestcases" class="panel">
          <div class="main-panel-header rounded-window-top">
            <span class="header-content">/home/yuvrb/git/etg_main/proVidioETG/FourTypesOfProducts.xml</span>
          </div> <!-- main-panel-header rounded-window-top -->
          <div class="main-panel-content rounded-window-bottom">
            <pre>
&lt;?xml version=&quot;1.0&quot; encoding=&quot;UTF-8&quot;?&gt;
&lt;!DOCTYPE suite SYSTEM &quot;https://testng.org/testng-1.0.dtd&quot;&gt;
&lt;suite name=&quot;ProvidioTestcases&quot; guice-stage=&quot;DEVELOPMENT&quot;&gt;
  &lt;test thread-count=&quot;5&quot; name=&quot;Automation&quot;&gt;
    &lt;packages&gt;
      &lt;package name=&quot;com.GuestUserWith_CreditCard&quot;/&gt;
    &lt;/packages&gt;
    &lt;classes&gt;
      &lt;class name=&quot;com.GuestUserWith_CreditCard.tc__GuestUser_InCc&quot;/&gt;
      &lt;class name=&quot;com.GuestUserWith_CreditCard.tc__SimpleProductForGuestUser_InCC&quot;/&gt;
      &lt;class name=&quot;com.GuestUserWith_CreditCard.tc__ShippingAndBillingAddressDiffer_Guest_InCc&quot;/&gt;
      &lt;class name=&quot;com.GuestUserWith_CreditCard.tc__BundleProductForGuestUser_CC&quot;/&gt;
      &lt;class name=&quot;com.GuestUserWith_CreditCard.tc__PickUpStore_Guest_CC&quot;/&gt;
      &lt;class name=&quot;com.GuestUserWith_CreditCard.tc__simpleProductAndGc_InCC&quot;/&gt;
      &lt;class name=&quot;com.GuestUserWith_CreditCard.tc__Bundle_GcAndAllPromotions_Guest_InCC&quot;/&gt;
      &lt;class name=&quot;com.GuestUserWith_CreditCard.tc__ProductSetForGuestUser_InCC&quot;/&gt;
      &lt;class name=&quot;com.GuestUserWith_CreditCard.tc__BySearchingProduct_GuestUser_InCC&quot;/&gt;
      &lt;class name=&quot;com.GuestUserWith_CreditCard.tc__VariationProductForGuestUser_InCC&quot;/&gt;
      &lt;class name=&quot;com.GuestUserWith_CreditCard.tc__SimpleProductsAndBundle_Gc_InCC&quot;/&gt;
    &lt;/classes&gt;
  &lt;/test&gt; &lt;!-- Automation --&gt;
&lt;/suite&gt; &lt;!-- ProvidioTestcases --&gt;
            </pre>
          </div> <!-- main-panel-content rounded-window-bottom -->
        </div> <!-- panel -->
        <div panel-name="testlist-ProvidioTestcases" class="panel">
          <div class="main-panel-header rounded-window-top">
            <span class="header-content">Tests for ProvidioTestcases</span>
          </div> <!-- main-panel-header rounded-window-top -->
          <div class="main-panel-content rounded-window-bottom">
            <ul>
              <li>
                <span class="test-name">Automation (11 classes)</span>
              </li>
            </ul>
          </div> <!-- main-panel-content rounded-window-bottom -->
        </div> <!-- panel -->
        <div panel-name="group-ProvidioTestcases" class="panel">
          <div class="main-panel-header rounded-window-top">
            <span class="header-content">Groups for ProvidioTestcases</span>
          </div> <!-- main-panel-header rounded-window-top -->
          <div class="main-panel-content rounded-window-bottom">
          </div> <!-- main-panel-content rounded-window-bottom -->
        </div> <!-- panel -->
        <div panel-name="times-ProvidioTestcases" class="panel">
          <div class="main-panel-header rounded-window-top">
            <span class="header-content">Times for ProvidioTestcases</span>
          </div> <!-- main-panel-header rounded-window-top -->
          <div class="main-panel-content rounded-window-bottom">
            <div class="times-div">
              <script type="text/javascript">
suiteTableInitFunctions.push('tableData_ProvidioTestcases');
function tableData_ProvidioTestcases() {
var data = new google.visualization.DataTable();
data.addColumn('number', 'Number');
data.addColumn('string', 'Method');
data.addColumn('string', 'Class');
data.addColumn('number', 'Time (ms)');
data.addRows(11);
data.setCell(0, 0, 0)
data.setCell(0, 1, 'paypalFromCheckoutPage')
data.setCell(0, 2, 'com.GuestUserWith_CreditCard.tc__PickUpStore_Guest_CC')
data.setCell(0, 3, 167402);
data.setCell(1, 0, 1)
data.setCell(1, 1, 'guestlogin')
data.setCell(1, 2, 'com.GuestUserWith_CreditCard.tc__GuestUser_InCc')
data.setCell(1, 3, 109825);
data.setCell(2, 0, 2)
data.setCell(2, 1, 'bundle_GcAndAllPromotions')
data.setCell(2, 2, 'com.GuestUserWith_CreditCard.tc__Bundle_GcAndAllPromotions_Guest_InCC')
data.setCell(2, 3, 46222);
data.setCell(3, 0, 3)
data.setCell(3, 1, 'shippingAndBillingAddressDiffer_Guest')
data.setCell(3, 2, 'com.GuestUserWith_CreditCard.tc__ShippingAndBillingAddressDiffer_Guest_InCc')
data.setCell(3, 3, 45804);
data.setCell(4, 0, 4)
data.setCell(4, 1, 'bundleProduct')
data.setCell(4, 2, 'com.GuestUserWith_CreditCard.tc__BundleProductForGuestUser_CC')
data.setCell(4, 3, 33132);
data.setCell(5, 0, 5)
data.setCell(5, 1, 'simpleProduct_Gc')
data.setCell(5, 2, 'com.GuestUserWith_CreditCard.tc__simpleProductAndGc_InCC')
data.setCell(5, 3, 5911);
data.setCell(6, 0, 6)
data.setCell(6, 1, 'productSet')
data.setCell(6, 2, 'com.GuestUserWith_CreditCard.tc__ProductSetForGuestUser_InCC')
data.setCell(6, 3, 5604);
data.setCell(7, 0, 7)
data.setCell(7, 1, 'simpleProduct')
data.setCell(7, 2, 'com.GuestUserWith_CreditCard.tc__SimpleProductForGuestUser_InCC')
data.setCell(7, 3, 5533);
data.setCell(8, 0, 8)
data.setCell(8, 1, 'bySearchingProduct')
data.setCell(8, 2, 'com.GuestUserWith_CreditCard.tc__BySearchingProduct_GuestUser_InCC')
data.setCell(8, 3, 18);
data.setCell(9, 0, 9)
data.setCell(9, 1, 'simpleProducts_Bundle_Gc')
data.setCell(9, 2, 'com.GuestUserWith_CreditCard.tc__SimpleProductsAndBundle_Gc_InCC')
data.setCell(9, 3, 17);
data.setCell(10, 0, 10)
data.setCell(10, 1, 'variationProduct')
data.setCell(10, 2, 'com.GuestUserWith_CreditCard.tc__VariationProductForGuestUser_InCC')
data.setCell(10, 3, 17);
window.suiteTableData['ProvidioTestcases']= { tableData: data, tableDiv: 'times-div-ProvidioTestcases'}
return data;
}
              </script>
              <span class="suite-total-time">Total running time: 6 minutes</span>
              <div id="times-div-ProvidioTestcases">
              </div> <!-- times-div-ProvidioTestcases -->
            </div> <!-- times-div -->
          </div> <!-- main-panel-content rounded-window-bottom -->
        </div> <!-- panel -->
        <div panel-name="reporter-ProvidioTestcases" class="panel">
          <div class="main-panel-header rounded-window-top">
            <span class="header-content">Reporter output for ProvidioTestcases</span>
          </div> <!-- main-panel-header rounded-window-top -->
          <div class="main-panel-content rounded-window-bottom">
          </div> <!-- main-panel-content rounded-window-bottom -->
        </div> <!-- panel -->
        <div panel-name="ignored-methods-ProvidioTestcases" class="panel">
          <div class="main-panel-header rounded-window-top">
            <span class="header-content">20 ignored methods</span>
          </div> <!-- main-panel-header rounded-window-top -->
          <div class="main-panel-content rounded-window-bottom">
            <div class="ignored-class-div">
              <span class="ignored-class-name">com.GuestUserWith_CreditCard.tc__simpleProductAndGc_InCC</span>
              <div class="ignored-methods-div">
                <span class="ignored-method-name">tearDown</span>
                <br/>
                <span class="ignored-method-name">setUpforReport</span>
                <br/>
              </div> <!-- ignored-methods-div -->
            </div> <!-- ignored-class-div -->
            <div class="ignored-class-div">
              <span class="ignored-class-name">com.GuestUserWith_CreditCard.tc__VariationProductForGuestUser_InCC</span>
              <div class="ignored-methods-div">
                <span class="ignored-method-name">setUpforReport</span>
                <br/>
                <span class="ignored-method-name">tearDown</span>
                <br/>
              </div> <!-- ignored-methods-div -->
            </div> <!-- ignored-class-div -->
            <div class="ignored-class-div">
              <span class="ignored-class-name">com.GuestUserWith_CreditCard.tc__Bundle_GcAndAllPromotions_Guest_InCC</span>
              <div class="ignored-methods-div">
                <span class="ignored-method-name">setUpforReport</span>
                <br/>
                <span class="ignored-method-name">tearDown</span>
                <br/>
              </div> <!-- ignored-methods-div -->
            </div> <!-- ignored-class-div -->
            <div class="ignored-class-div">
              <span class="ignored-class-name">com.GuestUserWith_CreditCard.tc__SimpleProductsAndBundle_Gc_InCC</span>
              <div class="ignored-methods-div">
                <span class="ignored-method-name">tearDown</span>
                <br/>
                <span class="ignored-method-name">setUpforReport</span>
                <br/>
              </div> <!-- ignored-methods-div -->
            </div> <!-- ignored-class-div -->
            <div class="ignored-class-div">
              <span class="ignored-class-name">com.GuestUserWith_CreditCard.tc__ProductSetForGuestUser_InCC</span>
              <div class="ignored-methods-div">
                <span class="ignored-method-name">tearDown</span>
                <br/>
                <span class="ignored-method-name">setUpforReport</span>
                <br/>
              </div> <!-- ignored-methods-div -->
            </div> <!-- ignored-class-div -->
            <div class="ignored-class-div">
              <span class="ignored-class-name">com.GuestUserWith_CreditCard.tc__ShippingAndBillingAddressDiffer_Guest_InCc</span>
              <div class="ignored-methods-div">
                <span class="ignored-method-name">tearDown</span>
                <br/>
                <span class="ignored-method-name">setUpforReport</span>
                <br/>
              </div> <!-- ignored-methods-div -->
            </div> <!-- ignored-class-div -->
            <div class="ignored-class-div">
              <span class="ignored-class-name">com.GuestUserWith_CreditCard.tc__SimpleProductForGuestUser_InCC</span>
              <div class="ignored-methods-div">
                <span class="ignored-method-name">tearDown</span>
                <br/>
                <span class="ignored-method-name">setUpforReport</span>
                <br/>
              </div> <!-- ignored-methods-div -->
            </div> <!-- ignored-class-div -->
            <div class="ignored-class-div">
              <span class="ignored-class-name">com.GuestUserWith_CreditCard.tc__BySearchingProduct_GuestUser_InCC</span>
              <div class="ignored-methods-div">
                <span class="ignored-method-name">tearDown</span>
                <br/>
                <span class="ignored-method-name">setUpforReport</span>
                <br/>
              </div> <!-- ignored-methods-div -->
            </div> <!-- ignored-class-div -->
            <div class="ignored-class-div">
              <span class="ignored-class-name">com.GuestUserWith_CreditCard.tc__BundleProductForGuestUser_CC</span>
              <div class="ignored-methods-div">
                <span class="ignored-method-name">tearDown</span>
                <br/>
                <span class="ignored-method-name">setUpforReport</span>
                <br/>
              </div> <!-- ignored-methods-div -->
            </div> <!-- ignored-class-div -->
            <div class="ignored-class-div">
              <span class="ignored-class-name">com.GuestUserWith_CreditCard.tc__PickUpStore_Guest_CC</span>
              <div class="ignored-methods-div">
                <span class="ignored-method-name">tearDown</span>
                <br/>
                <span class="ignored-method-name">setUpforReport</span>
                <br/>
              </div> <!-- ignored-methods-div -->
            </div> <!-- ignored-class-div -->
          </div> <!-- main-panel-content rounded-window-bottom -->
        </div> <!-- panel -->
        <div panel-name="chronological-ProvidioTestcases" class="panel">
          <div class="main-panel-header rounded-window-top">
            <span class="header-content">Methods in chronological order</span>
          </div> <!-- main-panel-header rounded-window-top -->
          <div class="main-panel-content rounded-window-bottom">
            <div class="chronological-class">
              <div class="chronological-class-name">com.GuestUserWith_CreditCard.tc__GuestUser_InCc</div> <!-- chronological-class-name -->
              <div class="configuration-suite before">
                <span class="method-name">setUpforReport</span>
                <span class="method-start">0 ms</span>
              </div> <!-- configuration-suite before -->
              <div class="configuration-class before">
                <span class="method-name">setUp</span>
                <span class="method-start">1954 ms</span>
              </div> <!-- configuration-class before -->
              <div class="test-method">
                <img src="failed.png">
                </img>
                <span class="method-name">guestlogin</span>
                <span class="method-start">3992 ms</span>
              </div> <!-- test-method -->
              <div class="configuration-method after">
                <span class="method-name">afterMethod([TestResult name=guestlogin status=FAILURE method=tc__GuestUser_InCc.guestlogin()[pri:0, instance:co...)</span>
                <span class="method-start">113823 ms</span>
              </div> <!-- configuration-method after -->
            </div> <!-- chronological-class -->
            <div class="chronological-class">
              <div class="chronological-class-name">com.GuestUserWith_CreditCard.tc__SimpleProductForGuestUser_InCC</div> <!-- chronological-class-name -->
              <div class="configuration-class before">
                <span class="method-name">setUp</span>
                <span class="method-start">125322 ms</span>
              </div> <!-- configuration-class before -->
              <div class="test-method">
                <img src="failed.png">
                </img>
                <span class="method-name">simpleProduct</span>
                <span class="method-start">127326 ms</span>
              </div> <!-- test-method -->
              <div class="configuration-method after">
                <span class="method-name">afterMethod([TestResult name=simpleProduct status=FAILURE method=tc__SimpleProductForGuestUser_InCC.simpleProduc...)</span>
                <span class="method-start">132861 ms</span>
              </div> <!-- configuration-method after -->
            </div> <!-- chronological-class -->
            <div class="chronological-class">
              <div class="chronological-class-name">com.GuestUserWith_CreditCard.tc__ShippingAndBillingAddressDiffer_Guest_InCc</div> <!-- chronological-class-name -->
              <div class="configuration-class before">
                <span class="method-name">setUp</span>
                <span class="method-start">145278 ms</span>
              </div> <!-- configuration-class before -->
              <div class="test-method">
                <img src="failed.png">
                </img>
                <span class="method-name">shippingAndBillingAddressDiffer_Guest</span>
                <span class="method-start">147280 ms</span>
              </div> <!-- test-method -->
              <div class="configuration-method after">
                <span class="method-name">afterMethod([TestResult name=shippingAndBillingAddressDiffer_Guest status=FAILURE method=tc__ShippingAndBillingA...)</span>
                <span class="method-start">193085 ms</span>
              </div> <!-- configuration-method after -->
            </div> <!-- chronological-class -->
            <div class="chronological-class">
              <div class="chronological-class-name">com.GuestUserWith_CreditCard.tc__BundleProductForGuestUser_CC</div> <!-- chronological-class-name -->
              <div class="configuration-class before">
                <span class="method-name">setUp</span>
                <span class="method-start">205202 ms</span>
              </div> <!-- configuration-class before -->
              <div class="test-method">
                <img src="failed.png">
                </img>
                <span class="method-name">bundleProduct</span>
                <span class="method-start">207205 ms</span>
              </div> <!-- test-method -->
              <div class="configuration-method after">
                <span class="method-name">afterMethod([TestResult name=bundleProduct status=FAILURE method=tc__BundleProductForGuestUser_CC.bundleProduct(...)</span>
                <span class="method-start">240338 ms</span>
              </div> <!-- configuration-method after -->
            </div> <!-- chronological-class -->
            <div class="chronological-class">
              <div class="chronological-class-name">com.GuestUserWith_CreditCard.tc__PickUpStore_Guest_CC</div> <!-- chronological-class-name -->
              <div class="configuration-class before">
                <span class="method-name">setUp</span>
                <span class="method-start">252270 ms</span>
              </div> <!-- configuration-class before -->
              <div class="test-method">
                <span class="method-name">paypalFromCheckoutPage</span>
                <span class="method-start">254272 ms</span>
              </div> <!-- test-method -->
              <div class="configuration-method after">
                <span class="method-name">afterMethod([TestResult name=paypalFromCheckoutPage status=SUCCESS method=tc__PickUpStore_Guest_CC.paypalFromChe...)</span>
                <span class="method-start">421676 ms</span>
              </div> <!-- configuration-method after -->
            </div> <!-- chronological-class -->
            <div class="chronological-class">
              <div class="chronological-class-name">com.GuestUserWith_CreditCard.tc__simpleProductAndGc_InCC</div> <!-- chronological-class-name -->
              <div class="configuration-class before">
                <span class="method-name">setUp</span>
                <span class="method-start">421682 ms</span>
              </div> <!-- configuration-class before -->
              <div class="test-method">
                <img src="failed.png">
                </img>
                <span class="method-name">simpleProduct_Gc</span>
                <span class="method-start">423684 ms</span>
              </div> <!-- test-method -->
              <div class="configuration-method after">
                <span class="method-name">afterMethod([TestResult name=simpleProduct_Gc status=FAILURE method=tc__simpleProductAndGc_InCC.simpleProduct_Gc...)</span>
                <span class="method-start">429596 ms</span>
              </div> <!-- configuration-method after -->
            </div> <!-- chronological-class -->
            <div class="chronological-class">
              <div class="chronological-class-name">com.GuestUserWith_CreditCard.tc__Bundle_GcAndAllPromotions_Guest_InCC</div> <!-- chronological-class-name -->
              <div class="configuration-class before">
                <span class="method-name">setUp</span>
                <span class="method-start">441392 ms</span>
              </div> <!-- configuration-class before -->
              <div class="test-method">
                <img src="failed.png">
                </img>
                <span class="method-name">bundle_GcAndAllPromotions</span>
                <span class="method-start">443394 ms</span>
              </div> <!-- test-method -->
              <div class="configuration-method after">
                <span class="method-name">afterMethod([TestResult name=bundle_GcAndAllPromotions status=FAILURE method=tc__Bundle_GcAndAllPromotions_Guest...)</span>
                <span class="method-start">489617 ms</span>
              </div> <!-- configuration-method after -->
            </div> <!-- chronological-class -->
            <div class="chronological-class">
              <div class="chronological-class-name">com.GuestUserWith_CreditCard.tc__ProductSetForGuestUser_InCC</div> <!-- chronological-class-name -->
              <div class="configuration-class before">
                <span class="method-name">setUp</span>
                <span class="method-start">502441 ms</span>
              </div> <!-- configuration-class before -->
              <div class="test-method">
                <img src="failed.png">
                </img>
                <span class="method-name">productSet</span>
                <span class="method-start">504445 ms</span>
              </div> <!-- test-method -->
              <div class="configuration-method after">
                <img src="failed.png">
                </img>
                <span class="method-name">afterMethod([TestResult name=productSet status=FAILURE method=tc__ProductSetForGuestUser_InCC.productSet()[pri:0...)</span>
                <span class="method-start">510050 ms</span>
              </div> <!-- configuration-method after -->
            </div> <!-- chronological-class -->
            <div class="chronological-class">
              <div class="chronological-class-name">com.GuestUserWith_CreditCard.tc__BySearchingProduct_GuestUser_InCC</div> <!-- chronological-class-name -->
              <div class="configuration-class before">
                <span class="method-name">setUp</span>
                <span class="method-start">516365 ms</span>
              </div> <!-- configuration-class before -->
              <div class="test-method">
                <img src="failed.png">
                </img>
                <span class="method-name">bySearchingProduct</span>
                <span class="method-start">518367 ms</span>
              </div> <!-- test-method -->
              <div class="configuration-method after">
                <img src="failed.png">
                </img>
                <span class="method-name">afterMethod([TestResult name=bySearchingProduct status=FAILURE method=tc__BySearchingProduct_GuestUser_InCC.bySe...)</span>
                <span class="method-start">518386 ms</span>
              </div> <!-- configuration-method after -->
            </div> <!-- chronological-class -->
            <div class="chronological-class">
              <div class="chronological-class-name">com.GuestUserWith_CreditCard.tc__VariationProductForGuestUser_InCC</div> <!-- chronological-class-name -->
              <div class="configuration-class before">
                <span class="method-name">setUp</span>
                <span class="method-start">518396 ms</span>
              </div> <!-- configuration-class before -->
              <div class="test-method">
                <img src="failed.png">
                </img>
                <span class="method-name">variationProduct</span>
                <span class="method-start">520398 ms</span>
              </div> <!-- test-method -->
              <div class="configuration-method after">
                <img src="failed.png">
                </img>
                <span class="method-name">afterMethod([TestResult name=variationProduct status=FAILURE method=tc__VariationProductForGuestUser_InCC.variat...)</span>
                <span class="method-start">520417 ms</span>
              </div> <!-- configuration-method after -->
            </div> <!-- chronological-class -->
            <div class="chronological-class">
              <div class="chronological-class-name">com.GuestUserWith_CreditCard.tc__SimpleProductsAndBundle_Gc_InCC</div> <!-- chronological-class-name -->
              <div class="configuration-class before">
                <span class="method-name">setUp</span>
                <span class="method-start">520428 ms</span>
              </div> <!-- configuration-class before -->
              <div class="test-method">
                <img src="failed.png">
                </img>
                <span class="method-name">simpleProducts_Bundle_Gc</span>
                <span class="method-start">522430 ms</span>
              </div> <!-- test-method -->
              <div class="configuration-method after">
                <img src="failed.png">
                </img>
                <span class="method-name">afterMethod([TestResult name=simpleProducts_Bundle_Gc status=FAILURE method=tc__SimpleProductsAndBundle_Gc_InCC....)</span>
                <span class="method-start">522448 ms</span>
              </div> <!-- configuration-method after -->
            </div> <!-- chronological-class -->
            <div class="chronological-class">
              <div class="chronological-class-name">com.GuestUserWith_CreditCard.tc__GuestUser_InCc</div> <!-- chronological-class-name -->
              <div class="configuration-suite after">
                <img src="failed.png">
                </img>
                <span class="method-name">tearDown</span>
                <span class="method-start">522525 ms</span>
              </div> <!-- configuration-suite after -->
          </div> <!-- main-panel-content rounded-window-bottom -->
        </div> <!-- panel -->
      </div> <!-- main-panel-root -->
    </div> <!-- wrapper -->
  </body>
<script type="text/javascript" src="testng-reports2.js"></script>
</html>
